<?xml version="1.0" encoding="UTF-8"?>
<!-- Generated by org.testng.reporters.JUnitReportReporter -->
<testsuite hostname="DESKTOP-7VJ2L9T" failures="0" tests="1" name="com.Saleforce.SaleforceDemo.TestCases.LoginPageTest" time="8.388" errors="0" timestamp="2023-10-03T20:37:35 IST" skipped="0">
  <testcase classname="com.Saleforce.SaleforceDemo.TestCases.LoginPageTest" name="validLoginTest" time="8.388"/>
</testsuite> <!-- com.Saleforce.SaleforceDemo.TestCases.LoginPageTest -->
