<?xml version="1.0" encoding="UTF-8"?>
<!-- Generated by org.testng.reporters.JUnitReportReporter -->
<testsuite hostname="DESKTOP-7VJ2L9T" failures="0" tests="1" name="com.Saleforce.SaleforceDemo.TestCases.LoginPageTest" time="8.784" errors="0" timestamp="2023-07-14T14:11:19 IST" skipped="0">
  <testcase classname="com.Saleforce.SaleforceDemo.TestCases.LoginPageTest" name="validLoginTest" time="8.784"/>
</testsuite> <!-- com.Saleforce.SaleforceDemo.TestCases.LoginPageTest -->
